/*C13*/SET SCHEMA PUBLIC
CONNECT USER SA
DISCONNECT
/*C14*/SET SCHEMA PUBLIC
CONNECT USER SA
DISCONNECT
/*C15*/SET SCHEMA PUBLIC
CONNECT USER SA
/*C16*/SET SCHEMA PUBLIC
CONNECT USER SA
/*C17*/SET SCHEMA PUBLIC
CONNECT USER SA
/*C18*/SET SCHEMA PUBLIC
CONNECT USER SA
/*C19*/SET SCHEMA PUBLIC
CONNECT USER SA
/*C20*/SET SCHEMA PUBLIC
CONNECT USER SA
/*C21*/SET SCHEMA PUBLIC
CONNECT USER SA
/*C22*/SET SCHEMA PUBLIC
CONNECT USER SA
/*C23*/SET SCHEMA PUBLIC
CONNECT USER SA
/*C24*/SET SCHEMA PUBLIC
CONNECT USER SA
SET LOGSIZE 5
SET AUTOCOMMIT FALSE
/*C23*/SET AUTOCOMMIT FALSE
SET AUTOCOMMIT TRUE
/*C24*/SET AUTOCOMMIT TRUE
INSERT INTO FR_ERRRECORD VALUES(31,'\u975e\u6a21\u677f\u89e6\u53d1\u9519\u8bef',NULL,6,'JSONObject["data"] not found.',NULL,'2016-03-29 16:27:44.933000000')
INSERT INTO FR_ERRRECORD VALUES(32,'\u975e\u6a21\u677f\u89e6\u53d1\u9519\u8bef',NULL,6,'JSONObject["data"] not found.',NULL,'2016-03-29 16:27:44.973000000')
INSERT INTO FR_EXERECORD VALUES(82,'Form2.frm',3,'','localhost','\u672a\u767b\u5f55\u7528\u6237','\u672a\u77e5\u89d2\u8272',1660,'2016-03-29 16:27:45.007000000','',NULL,0)
/*C23*/INSERT INTO FR_FUNCTIONRECORD VALUES('{"3":1}','2016-03-29 16:29:45.026000000')
/*C24*/INSERT INTO FR_ERRRECORD VALUES(33,'\u975e\u6a21\u677f\u89e6\u53d1\u9519\u8bef',NULL,6,'wrong number of arguments',NULL,'2016-03-29 18:56:24.919000000')
INSERT INTO FR_ERRRECORD VALUES(34,'\u975e\u6a21\u677f\u89e6\u53d1\u9519\u8bef',NULL,6,'wrong number of arguments',NULL,'2016-03-29 18:56:24.924000000')
INSERT INTO FR_ERRRECORD VALUES(35,'\u975e\u6a21\u677f\u89e6\u53d1\u9519\u8bef',NULL,6,'wrong number of arguments',NULL,'2016-03-29 18:56:24.927000000')
INSERT INTO FR_ERRRECORD VALUES(36,'\u975e\u6a21\u677f\u89e6\u53d1\u9519\u8bef',NULL,6,'wrong number of arguments',NULL,'2016-03-29 18:56:24.930000000')
INSERT INTO FR_ERRRECORD VALUES(37,'\u975e\u6a21\u677f\u89e6\u53d1\u9519\u8bef',NULL,6,'wrong number of arguments',NULL,'2016-03-29 18:56:24.938000000')
INSERT INTO FR_ERRRECORD VALUES(38,'\u975e\u6a21\u677f\u89e6\u53d1\u9519\u8bef',NULL,6,'wrong number of arguments',NULL,'2016-03-29 18:56:24.940000000')
INSERT INTO FR_ERRRECORD VALUES(39,'\u975e\u6a21\u677f\u89e6\u53d1\u9519\u8bef',NULL,6,'wrong number of arguments',NULL,'2016-03-29 18:56:24.941000000')
INSERT INTO FR_ERRRECORD VALUES(40,'\u975e\u6a21\u677f\u89e6\u53d1\u9519\u8bef',NULL,6,'wrong number of arguments',NULL,'2016-03-29 18:56:25.415000000')
INSERT INTO FR_ERRRECORD VALUES(41,'\u975e\u6a21\u677f\u89e6\u53d1\u9519\u8bef',NULL,6,'wrong number of arguments',NULL,'2016-03-29 18:56:25.417000000')
INSERT INTO FR_ERRRECORD VALUES(42,'\u975e\u6a21\u677f\u89e6\u53d1\u9519\u8bef',NULL,6,'wrong number of arguments',NULL,'2016-03-29 18:56:25.419000000')
INSERT INTO FR_ERRRECORD VALUES(43,'\u975e\u6a21\u677f\u89e6\u53d1\u9519\u8bef',NULL,6,'wrong number of arguments',NULL,'2016-03-29 18:56:25.422000000')
INSERT INTO FR_ERRRECORD VALUES(44,'\u975e\u6a21\u677f\u89e6\u53d1\u9519\u8bef',NULL,6,'wrong number of arguments',NULL,'2016-03-29 18:56:25.430000000')
INSERT INTO FR_ERRRECORD VALUES(45,'\u975e\u6a21\u677f\u89e6\u53d1\u9519\u8bef',NULL,6,'wrong number of arguments',NULL,'2016-03-29 18:56:25.433000000')
INSERT INTO FR_ERRRECORD VALUES(46,'\u975e\u6a21\u677f\u89e6\u53d1\u9519\u8bef',NULL,6,'wrong number of arguments',NULL,'2016-03-29 18:56:25.437000000')
INSERT INTO FR_ERRRECORD VALUES(47,'\u975e\u6a21\u677f\u89e6\u53d1\u9519\u8bef',NULL,6,'wrong number of arguments',NULL,'2016-03-29 18:56:25.571000000')
INSERT INTO FR_ERRRECORD VALUES(48,'\u975e\u6a21\u677f\u89e6\u53d1\u9519\u8bef',NULL,6,'wrong number of arguments',NULL,'2016-03-29 18:56:25.574000000')
INSERT INTO FR_ERRRECORD VALUES(49,'\u975e\u6a21\u677f\u89e6\u53d1\u9519\u8bef',NULL,6,'wrong number of arguments',NULL,'2016-03-29 18:56:25.577000000')
INSERT INTO FR_ERRRECORD VALUES(50,'\u975e\u6a21\u677f\u89e6\u53d1\u9519\u8bef',NULL,6,'wrong number of arguments',NULL,'2016-03-29 18:56:25.579000000')
INSERT INTO FR_ERRRECORD VALUES(51,'\u975e\u6a21\u677f\u89e6\u53d1\u9519\u8bef',NULL,6,'wrong number of arguments',NULL,'2016-03-29 18:56:25.587000000')
INSERT INTO FR_ERRRECORD VALUES(52,'\u975e\u6a21\u677f\u89e6\u53d1\u9519\u8bef',NULL,6,'wrong number of arguments',NULL,'2016-03-29 18:56:25.589000000')
INSERT INTO FR_ERRRECORD VALUES(53,'\u975e\u6a21\u677f\u89e6\u53d1\u9519\u8bef',NULL,6,'wrong number of arguments',NULL,'2016-03-29 18:56:25.592000000')
INSERT INTO FR_ERRRECORD VALUES(54,'\u975e\u6a21\u677f\u89e6\u53d1\u9519\u8bef',NULL,6,'wrong number of arguments',NULL,'2016-03-29 18:56:25.750000000')
INSERT INTO FR_ERRRECORD VALUES(55,'\u975e\u6a21\u677f\u89e6\u53d1\u9519\u8bef',NULL,6,'wrong number of arguments',NULL,'2016-03-29 18:56:25.752000000')
INSERT INTO FR_ERRRECORD VALUES(56,'\u975e\u6a21\u677f\u89e6\u53d1\u9519\u8bef',NULL,6,'wrong number of arguments',NULL,'2016-03-29 18:56:25.754000000')
INSERT INTO FR_ERRRECORD VALUES(57,'\u975e\u6a21\u677f\u89e6\u53d1\u9519\u8bef',NULL,6,'wrong number of arguments',NULL,'2016-03-29 18:56:25.756000000')
INSERT INTO FR_ERRRECORD VALUES(58,'\u975e\u6a21\u677f\u89e6\u53d1\u9519\u8bef',NULL,6,'wrong number of arguments',NULL,'2016-03-29 18:56:25.764000000')
INSERT INTO FR_ERRRECORD VALUES(59,'\u975e\u6a21\u677f\u89e6\u53d1\u9519\u8bef',NULL,6,'wrong number of arguments',NULL,'2016-03-29 18:56:25.767000000')
INSERT INTO FR_ERRRECORD VALUES(60,'\u975e\u6a21\u677f\u89e6\u53d1\u9519\u8bef',NULL,6,'wrong number of arguments',NULL,'2016-03-29 18:56:25.769000000')
INSERT INTO FR_ERRRECORD VALUES(61,'\u975e\u6a21\u677f\u89e6\u53d1\u9519\u8bef',NULL,6,'wrong number of arguments',NULL,'2016-03-29 18:56:25.954000000')
INSERT INTO FR_ERRRECORD VALUES(62,'\u975e\u6a21\u677f\u89e6\u53d1\u9519\u8bef',NULL,6,'wrong number of arguments',NULL,'2016-03-29 18:56:25.956000000')
INSERT INTO FR_ERRRECORD VALUES(63,'\u975e\u6a21\u677f\u89e6\u53d1\u9519\u8bef',NULL,6,'wrong number of arguments',NULL,'2016-03-29 18:56:25.959000000')
INSERT INTO FR_ERRRECORD VALUES(64,'\u975e\u6a21\u677f\u89e6\u53d1\u9519\u8bef',NULL,6,'wrong number of arguments',NULL,'2016-03-29 18:56:25.961000000')
INSERT INTO FR_ERRRECORD VALUES(65,'\u975e\u6a21\u677f\u89e6\u53d1\u9519\u8bef',NULL,6,'wrong number of arguments',NULL,'2016-03-29 18:56:25.967000000')
INSERT INTO FR_ERRRECORD VALUES(66,'\u975e\u6a21\u677f\u89e6\u53d1\u9519\u8bef',NULL,6,'wrong number of arguments',NULL,'2016-03-29 18:56:25.969000000')
INSERT INTO FR_ERRRECORD VALUES(67,'\u975e\u6a21\u677f\u89e6\u53d1\u9519\u8bef',NULL,6,'wrong number of arguments',NULL,'2016-03-29 18:56:25.973000000')
INSERT INTO FR_ERRRECORD VALUES(68,'\u975e\u6a21\u677f\u89e6\u53d1\u9519\u8bef',NULL,6,'Error to load:com.fr.plugin.widget.year.YearImpl',NULL,'2016-03-29 19:04:07.510000000')
INSERT INTO FR_ERRRECORD VALUES(69,'\u975e\u6a21\u677f\u89e6\u53d1\u9519\u8bef',NULL,6,'Error to load:com.fr.plugin.widget.year.YearImpl',NULL,'2016-03-29 19:04:07.513000000')
INSERT INTO FR_ERRRECORD VALUES(70,'\u975e\u6a21\u677f\u89e6\u53d1\u9519\u8bef',NULL,6,'Error to load:com.fr.plugin.widget.year.CellYearImpl',NULL,'2016-03-29 19:04:07.516000000')
INSERT INTO FR_ERRRECORD VALUES(71,'\u975e\u6a21\u677f\u89e6\u53d1\u9519\u8bef',NULL,6,'Error to load:com.fr.plugin.widget.year.YearImpl',NULL,'2016-03-29 19:04:21.571000000')
DISCONNECT
/*C23*/INSERT INTO FR_ERRRECORD VALUES(72,'\u975e\u6a21\u677f\u89e6\u53d1\u9519\u8bef',NULL,6,'Error to load:com.fr.plugin.widget.year.YearImpl',NULL,'2016-03-29 19:04:21.614000000')
INSERT INTO FR_ERRRECORD VALUES(73,'\u975e\u6a21\u677f\u89e6\u53d1\u9519\u8bef',NULL,6,'Error to load:com.fr.plugin.widget.year.CellYearImpl',NULL,'2016-03-29 19:04:21.617000000')
