http://www.easybots.cn/api/holiday.php?d=20160306
aaaa{"20160306":"1"}
http://www.easybots.cn/api/holiday.php?d=20190303
aaaa{"20190303":0}
http://www.easybots.cn/api/holiday.php?d=20160306
aaaa{"20160306":"1"}
http://www.easybots.cn/api/holiday.php?d=20190303
aaaa{"20190303":0}
http://www.easybots.cn/api/holiday.php?d=20160306
aaaa{"20160306":"1"}
http://www.easybots.cn/api/holiday.php?d=20190303
aaaa{"20190303":0}
http://www.easybots.cn/api/holiday.php?d=20160306
aaaa{"20160306":"1"}
http://www.easybots.cn/api/holiday.php?d=20190303
aaaa{"20190303":0}
http://www.easybots.cn/api/holiday.php?d=20160306
aaaa{"20160306":"1"}
http://www.easybots.cn/api/holiday.php?d=20190303
aaaa{"20190303":0}
http://www.easybots.cn/api/holiday.php?d=20160306
aaaa{"20160306":"1"}
http://www.easybots.cn/api/holiday.php?d=20190303
aaaa{"20190303":0}
http://www.easybots.cn/api/holiday.php?d=20160306
aaaa{"20160306":"1"}
http://www.easybots.cn/api/holiday.php?d=20190303
aaaa{"20190303":0}
http://www.easybots.cn/api/holiday.php?d=20161001,20160303,20160306
http://www.easybots.cn/api/holiday.php?d=20160306
aaaa{"20160306":"1"}
http://www.easybots.cn/api/holiday.php?d=20190303
aaaa{"20190303":0}
http://www.easybots.cn/api/holiday.php?d=20161001,20160303,20160306
http://www.easybots.cn/api/holiday.php?d=20160306
aaaa{"20160306":"1"}
http://www.easybots.cn/api/holiday.php?d=20190303
aaaa{"20190303":0}
http://www.easybots.cn/api/holiday.php?d=20161001,20160303,20160306
Exception while removing reference.
