MMMM::false
MM11::false
_______
MMMM::false
MM11::false
_______
MMMM::false
MM11::false
_______
MMMM::false
MM11::false
_______
MMMM::true
MM11::true
_______
MMMM::true
MM11::true
_______
MMMM::true
MM11::true
_______
MMMM::true
MM11::true
_______
MMMM::false
MM11::false
_______
MMMM::false
MM11::false
_______
MMMM::false
MM11::false
_______
MMMM::false
MM11::false
_______
MMMM::true
MM11::false
_______
MMMM::false
MM11::false
_______
MMMM::false
MM11::false
_______
MMMM::false
MM11::false
_______
MMMM::false
MM11::false
_______
MMMM::false
MM11::false
_______
MMMM::true
MM11::true
_______
MMMM::true
MM11::true
_______
MMMM::true
MM11::true
_______
MMMM::true
MM11::true
_______
MMMM::false
MM11::false
_______
MMMM::false
MM11::false
_______
MMMM::false
MM11::false
_______
MMMM::false
MM11::false
_______
MMMM::false
MM11::false
_______
MMMM::false
MM11::false
_______
MMMM::false
MM11::false
_______
MMMM::false
MM11::false
_______
MMMM::false
MM11::false
_______
MMMM::false
MM11::false
_______
MMMM::false
MM11::false
_______
MMMM::false
MM11::false
_______
MMMM::false
MM11::false
_______
MMMM::false
MM11::false
_______
MMMM::false
MM11::false
_______
MMMM::false
MM11::false
_______
MMMM::false
MM11::false
_______
MMMM::false
MM11::false
_______
MMMM::false
MM11::false
_______
MMMM::false
MM11::false
_______
MMMM::true
MM11::false
_______
MMMM::true
MM11::false
_______
MMMM::true
MM11::false
_______
MMMM::true
MM11::false
_______
MMMM::true
MM11::false
_______
MMMM::true
MM11::false
_______
MMMM::false
MM11::false
_______
MMMM::false
MM11::false
_______
MMMM::false
MM11::false
_______
MMMM::false
MM11::false
_______
MMMM::false
MM11::false
_______
MMMM::false
MM11::false
_______
MMMM::false
MM11::false
_______
MMMM::false
MM11::false
_______
MMMM::false
MM11::false
_______
MMMM::true
MM11::true
_______
MMMM::true
MM11::true
_______
MMMM::true
MM11::true
_______
MMMM::true
MM11::true
_______
MMMM::true
MM11::false
_______
MMMM::false
MM11::false
_______
MMMM::false
MM11::false
_______
MMMM::false
MM11::false
_______
MMMM::true
MM11::false
_______
MMMM::true
MM11::false
_______
MMMM::true
MM11::false
_______
MMMM::true
MM11::false
_______
MMMM::false
MM11::false
_______
MMMM::false
MM11::false
_______
MMMM::false
MM11::false
_______
AA:::::{"widgetName":"MYCOMBOX1","directEdit":true,"supportTag":true,"invisible":false,"widgetUrl":"/WebReport/ReportServer?op=widget&widgetname=myCombox1&sessionID=96271","customData":true,"returnArray":true,"type":"tagcombocheckbox","autoMode":true,"mode":"remote","searchTime":200,"controlAttr":{"value":""},"delimiter":",","disabled":false,"fontSize":12,"needSubmit":true,"value":"","norepeat":true}
MMMM::false
MM11::false
_______
MMMM::false
MM11::false
_______
MMMM::true
MM11::false
_______
MMMM::true
MM11::false
_______
MMMM::true
MM11::false
_______
MMMM::true
MM11::false
_______
MMMM::true
MM11::true
_______
MMMM::true
MM11::true
_______
MMMM::true
MM11::true
_______
MMMM::true
MM11::true
_______
MMMM::true
MM11::false
_______
MMMM::false
MM11::false
_______
MMMM::true
MM11::false
_______
MMMM::false
MM11::false
_______
MMMM::false
MM11::false
_______
MMMM::false
MM11::false
_______
MMMM::true
MM11::false
_______
MMMM::true
MM11::false
_______
MMMM::true
MM11::false
_______
MMMM::true
MM11::false
_______
MMMM::true
MM11::false
_______
MMMM::true
MM11::false
_______
MMMM::false
MM11::false
_______
MMMM::true
MM11::false
_______
MMMM::true
MM11::false
_______
MMMM::true
MM11::false
_______
MMMM::true
MM11::false
_______
AA:::::{"widgetName":"MYCOMBOX1","directEdit":true,"supportTag":true,"invisible":false,"widgetUrl":"/WebReport/ReportServer?op=widget&widgetname=myCombox1&sessionID=33377","customData":true,"returnArray":true,"type":"tagcombocheckbox","autoMode":true,"mode":"remote","searchTime":200,"controlAttr":{"value":""},"delimiter":",","disabled":false,"fontSize":12,"needSubmit":true,"value":"","norepeat":true}
MMMM::true
MM11::false
_______
MMMM::true
MM11::false
_______
AA:::::{"widgetName":"MYCOMBOX1","directEdit":true,"supportTag":true,"invisible":false,"widgetUrl":"/WebReport/ReportServer?op=widget&widgetname=myCombox1&sessionID=21642","customData":true,"returnArray":true,"type":"tagcombocheckbox","autoMode":true,"mode":"remote","searchTime":200,"controlAttr":{"value":""},"delimiter":",","disabled":false,"fontSize":12,"needSubmit":true,"value":"","norepeat":true}
AA:::::{"widgetName":"MYCOMBOX2","directEdit":true,"supportTag":true,"invisible":false,"widgetUrl":"/WebReport/ReportServer?op=widget&widgetname=myCombox2&sessionID=21642","customData":true,"returnArray":true,"type":"tagcombocheckbox","autoMode":true,"mode":"remote","searchTime":200,"controlAttr":{"value":""},"delimiter":",","disabled":false,"fontSize":12,"needSubmit":true,"value":"","norepeat":true}
Exception in thread "AWT-EventQueue-0" java.lang.NullPointerException
	at com.fr.design.gui.core.CustomWidgetOption.createWidget(CustomWidgetOption.java:23)
	at com.fr.design.widget.WidgetPane$EditorTypeComboBox.getCellWidget(WidgetPane.java:185)
	at com.fr.design.widget.WidgetPane.itemStateChanged(WidgetPane.java:73)
	at javax.swing.JComboBox.fireItemStateChanged(JComboBox.java:1223)
	at javax.swing.JComboBox.selectedItemChanged(JComboBox.java:1280)
	at javax.swing.JComboBox.contentsChanged(JComboBox.java:1330)
	at javax.swing.AbstractListModel.fireContentsChanged(AbstractListModel.java:118)
	at javax.swing.DefaultComboBoxModel.setSelectedItem(DefaultComboBoxModel.java:93)
	at javax.swing.JComboBox.setSelectedItem(JComboBox.java:576)
	at com.fr.design.widget.WidgetPane$EditorTypeComboBox.setSelectedItem(WidgetPane.java:159)
	at javax.swing.JComboBox.setSelectedIndex(JComboBox.java:622)
	at javax.swing.plaf.basic.BasicComboPopup$Handler.mouseReleased(BasicComboPopup.java:852)
	at java.awt.AWTEventMulticaster.mouseReleased(AWTEventMulticaster.java:290)
	at java.awt.Component.processMouseEvent(Component.java:6535)
	at javax.swing.JComponent.processMouseEvent(JComponent.java:3324)
	at com.fr.design.gui.icombobox.UIComboBoxUI$UIComboPopup$1.processMouseEvent(UIComboBoxUI.java:214)
	at java.awt.Component.processEvent(Component.java:6300)
	at java.awt.Container.processEvent(Container.java:2236)
	at java.awt.Component.dispatchEventImpl(Component.java:4891)
	at java.awt.Container.dispatchEventImpl(Container.java:2294)
	at java.awt.Component.dispatchEvent(Component.java:4713)
	at java.awt.LightweightDispatcher.retargetMouseEvent(Container.java:4888)
	at java.awt.LightweightDispatcher.processMouseEvent(Container.java:4525)
	at java.awt.LightweightDispatcher.dispatchEvent(Container.java:4466)
	at java.awt.Container.dispatchEventImpl(Container.java:2280)
	at java.awt.Window.dispatchEventImpl(Window.java:2750)
	at java.awt.Component.dispatchEvent(Component.java:4713)
	at java.awt.EventQueue.dispatchEventImpl(EventQueue.java:758)
	at java.awt.EventQueue.access$500(EventQueue.java:97)
	at java.awt.EventQueue$3.run(EventQueue.java:709)
	at java.awt.EventQueue$3.run(EventQueue.java:703)
	at java.security.AccessController.doPrivileged(Native Method)
	at java.security.ProtectionDomain$JavaSecurityAccessImpl.doIntersectionPrivilege(ProtectionDomain.java:76)
	at java.security.ProtectionDomain$JavaSecurityAccessImpl.doIntersectionPrivilege(ProtectionDomain.java:86)
	at java.awt.EventQueue$4.run(EventQueue.java:731)
	at java.awt.EventQueue$4.run(EventQueue.java:729)
	at java.security.AccessController.doPrivileged(Native Method)
	at java.security.ProtectionDomain$JavaSecurityAccessImpl.doIntersectionPrivilege(ProtectionDomain.java:76)
	at java.awt.EventQueue.dispatchEvent(EventQueue.java:728)
	at java.awt.EventDispatchThread.pumpOneEventForFilters(EventDispatchThread.java:201)
	at java.awt.EventDispatchThread.pumpEventsForFilter(EventDispatchThread.java:116)
	at java.awt.EventDispatchThread.pumpEventsForFilter(EventDispatchThread.java:109)
	at java.awt.WaitDispatchSupport$2.run(WaitDispatchSupport.java:184)
	at java.awt.WaitDispatchSupport$4.run(WaitDispatchSupport.java:229)
	at java.awt.WaitDispatchSupport$4.run(WaitDispatchSupport.java:227)
	at java.security.AccessController.doPrivileged(Native Method)
	at java.awt.WaitDispatchSupport.enter(WaitDispatchSupport.java:227)
	at java.awt.Dialog.show(Dialog.java:1084)
	at java.awt.Component.show(Component.java:1673)
	at java.awt.Component.setVisible(Component.java:1625)
	at java.awt.Window.setVisible(Window.java:1014)
	at java.awt.Dialog.setVisible(Dialog.java:1005)
	at com.fr.design.actions.cell.AbstractCellElementAction.executeActionReturnUndoRecordNeededWithCellSelection(AbstractCellElementAction.java:72)
	at com.fr.design.actions.CellSelectionAction.executeActionReturnUndoRecordNeeded(CellSelectionAction.java:19)
	at com.fr.design.actions.UndoableAction.actionPerformedUndoable(UndoableAction.java:12)
	at com.fr.design.actions.UndoableAction.actionPerformed(UndoableAction.java:8)
	at javax.swing.AbstractButton.fireActionPerformed(AbstractButton.java:2022)
	at javax.swing.AbstractButton$Handler.actionPerformed(AbstractButton.java:2348)
	at javax.swing.DefaultButtonModel.fireActionPerformed(DefaultButtonModel.java:402)
	at javax.swing.DefaultButtonModel.setPressed(DefaultButtonModel.java:259)
	at javax.swing.AbstractButton.doClick(AbstractButton.java:376)
	at javax.swing.plaf.basic.BasicMenuItemUI.doClick(BasicMenuItemUI.java:833)
	at javax.swing.plaf.basic.BasicMenuItemUI$Handler.mouseReleased(BasicMenuItemUI.java:877)
	at java.awt.Component.processMouseEvent(Component.java:6535)
	at javax.swing.JComponent.processMouseEvent(JComponent.java:3324)
	at java.awt.Component.processEvent(Component.java:6300)
	at java.awt.Container.processEvent(Container.java:2236)
	at java.awt.Component.dispatchEventImpl(Component.java:4891)
	at java.awt.Container.dispatchEventImpl(Container.java:2294)
	at java.awt.Component.dispatchEvent(Component.java:4713)
	at java.awt.LightweightDispatcher.retargetMouseEvent(Container.java:4888)
	at java.awt.LightweightDispatcher.processMouseEvent(Container.java:4525)
	at java.awt.LightweightDispatcher.dispatchEvent(Container.java:4466)
	at java.awt.Container.dispatchEventImpl(Container.java:2280)
	at java.awt.Window.dispatchEventImpl(Window.java:2750)
	at java.awt.Component.dispatchEvent(Component.java:4713)
	at java.awt.EventQueue.dispatchEventImpl(EventQueue.java:758)
	at java.awt.EventQueue.access$500(EventQueue.java:97)
	at java.awt.EventQueue$3.run(EventQueue.java:709)
	at java.awt.EventQueue$3.run(EventQueue.java:703)
	at java.security.AccessController.doPrivileged(Native Method)
	at java.security.ProtectionDomain$JavaSecurityAccessImpl.doIntersectionPrivilege(ProtectionDomain.java:76)
	at java.security.ProtectionDomain$JavaSecurityAccessImpl.doIntersectionPrivilege(ProtectionDomain.java:86)
	at java.awt.EventQueue$4.run(EventQueue.java:731)
	at java.awt.EventQueue$4.run(EventQueue.java:729)
	at java.security.AccessController.doPrivileged(Native Method)
	at java.security.ProtectionDomain$JavaSecurityAccessImpl.doIntersectionPrivilege(ProtectionDomain.java:76)
	at java.awt.EventQueue.dispatchEvent(EventQueue.java:728)
	at java.awt.EventDispatchThread.pumpOneEventForFilters(EventDispatchThread.java:201)
	at java.awt.EventDispatchThread.pumpEventsForFilter(EventDispatchThread.java:116)
	at java.awt.EventDispatchThread.pumpEventsForHierarchy(EventDispatchThread.java:105)
	at java.awt.EventDispatchThread.pumpEvents(EventDispatchThread.java:101)
	at java.awt.EventDispatchThread.pumpEvents(EventDispatchThread.java:93)
	at java.awt.EventDispatchThread.run(EventDispatchThread.java:82)
AA:::::{"widgetName":"MYCOMBOX0","directEdit":true,"supportTag":true,"invisible":false,"widgetUrl":"/WebReport/ReportServer?op=widget&widgetname=myCombox0&sessionID=25815","customData":true,"returnArray":true,"type":"tagcombocheckbox","autoMode":true,"mode":"remote","searchTime":200,"controlAttr":{"value":""},"delimiter":",","disabled":false,"fontSize":12,"needSubmit":true,"value":"","norepeat":true}
MMMM::true
MM11::false
_______
MMMM::true
MM11::false
_______
MMMM::true
MM11::false
_______
MMMM::true
MM11::false
_______
MMMM::true
MM11::false
_______
AA:::::{"widgetName":"MYCOMBOX0","directEdit":true,"supportTag":true,"invisible":false,"widgetUrl":"/WebReport/ReportServer?op=widget&widgetname=myCombox0&sessionID=68771","customData":true,"returnArray":true,"type":"tagcombocheckbox","autoMode":true,"mode":"remote","searchTime":200,"controlAttr":{"value":""},"delimiter":",","disabled":false,"fontSize":12,"needSubmit":true,"value":"","norepeat":true}
AA:::::{"widgetName":"MYCOMBOX0","directEdit":true,"supportTag":true,"invisible":false,"widgetUrl":"/WebReport/ReportServer?op=widget&widgetname=myCombox0&sessionID=55035","customData":true,"returnArray":true,"type":"tagcombocheckbox","autoMode":true,"mode":"remote","searchTime":200,"controlAttr":{"value":""},"delimiter":",","disabled":false,"fontSize":12,"needSubmit":true,"value":"","norepeat":true}
MMMM::true
MM11::false
_______
MMMM::true
MM11::false
_______
MMMM::false
MM11::false
_______
