20160206
20160206
http://www.easybots.cn/api/holiday.php?d=20160206,20150215
http://www.easybots.cn/api/holiday.php?d=20161001,20150215
http://www.easybots.cn/api/holiday.php?d=[Ljava.lang.Object;@2d8b9ad8
com.fr.json.JSONException: JSONObject["[Ljava.lang.Object;@2d8b9ad8"] not found.
	at com.fr.json.JSONObject.get(Unknown Source)
	at com.fr.json.JSONObject.getInt(Unknown Source)
	at com.hyp.plugin.workday.GetWorkDay.isWorkDay(GetWorkDay.java:21)
	at com.hyp.plugin.workday.IsWorkDay.run(IsWorkDay.java:11)
	at com.fr.script.AbstractFunction.evalExpression(Unknown Source)
	at com.fr.parser.FunctionCall.eval(Unknown Source)
	at com.fr.script.Calculator.eval(Unknown Source)
	at com.fr.stable.script.Expression.eval(Unknown Source)
	at com.fr.script.Calculator.evalString(Unknown Source)
	at com.fr.script.Calculator.eval(Unknown Source)
	at com.fr.script.Calculator.evalValue(Unknown Source)
	at com.fr.report.core.A.H.dealWithBENormal(Unknown Source)
	at com.fr.report.core.A.k.cc_ce_array(Unknown Source)
	at com.fr.report.core.A.H.A(Unknown Source)
	at com.fr.report.core.A.H.A(Unknown Source)
	at com.fr.report.core.A.H.C(Unknown Source)
	at com.fr.report.core.A.H.execute4Expand(Unknown Source)
	at com.fr.report.core.A.H.execute(Unknown Source)
	at com.fr.report.worksheet.WorkSheet.execute(Unknown Source)
	at com.fr.report.core.sheet.WorkBookExecutor._execute(Unknown Source)
	at com.fr.report.core.sheet.WorkBookExecutor.execute(Unknown Source)
	at com.fr.main.impl.WorkBook.execute(Unknown Source)
	at com.fr.log.LogUtils.executeAndLogRecord(Unknown Source)
	at com.fr.log.LogUtils.executeAndLogRecord(Unknown Source)
	at com.fr.web.cache.ReportCache.getResultWorkBook(Unknown Source)
	at com.fr.stable.PageActor.getResultBookFromCacheIfNeed(Unknown Source)
	at com.fr.main.impl.WorkBookTemplateDelegate.execute(Unknown Source)
	at com.fr.web.core.ReportSessionIDInfor.calResultWorkBook(Unknown Source)
	at com.fr.web.core.ReportSessionIDInfor.initBook2Show(Unknown Source)
	at com.fr.web.core.ReportSessionIDInfor.getWorkBook2Show(Unknown Source)
	at com.fr.web.core.ReportSessionIDInfor.getResultWorkBook(Unknown Source)
	at com.fr.web.core.ReportSessionIDInfor.createPageSetChain(Unknown Source)
	at com.fr.web.core.ReportSessionIDInfor.getReportPage(Unknown Source)
	at com.fr.web.core.A.AC.A(Unknown Source)
	at com.fr.web.core.A.AC.A(Unknown Source)
	at com.fr.web.core.A.qB.A(Unknown Source)
	at com.fr.web.core.A.EB.actionCMD(Unknown Source)
	at com.fr.web.core.WebActionsDispatcher.dealForActionCMD(Unknown Source)
	at com.fr.web.core.WebActionsDispatcher.dealForActionDefaultCmd(Unknown Source)
	at com.fr.web.core.A.nB.process(Unknown Source)
	at com.fr.web.core.ReportDispatcher.dealWithOp(Unknown Source)
	at com.fr.web.core.ReportDispatcher.dealWeblet(Unknown Source)
	at com.fr.web.core.ReportDispatcher.dealWithRequest(Unknown Source)
	at com.fr.web.BaseServlet.doGet(Unknown Source)
	at javax.servlet.http.HttpServlet.service(HttpServlet.java:596)
	at javax.servlet.http.HttpServlet.service(HttpServlet.java:689)
	at org.mortbay.jetty.servlet.ServletHolder.handle(ServletHolder.java:428)
	at org.mortbay.jetty.servlet.WebApplicationHandler.dispatch(WebApplicationHandler.java:473)
	at org.mortbay.jetty.servlet.ServletHandler.handle(ServletHandler.java:568)
	at org.mortbay.http.HttpContext.handle(HttpContext.java:1530)
	at org.mortbay.jetty.servlet.WebApplicationContext.handle(WebApplicationContext.java:633)
	at org.mortbay.http.HttpContext.handle(HttpContext.java:1482)
	at org.mortbay.http.HttpServer.service(HttpServer.java:909)
	at org.mortbay.http.HttpConnection.service(HttpConnection.java:820)
	at org.mortbay.http.HttpConnection.handleNext(HttpConnection.java:986)
	at org.mortbay.http.HttpConnection.handle(HttpConnection.java:837)
	at org.mortbay.http.SocketListener.handleConnection(SocketListener.java:245)
	at org.mortbay.util.ThreadedServer.handle(ThreadedServer.java:357)
	at org.mortbay.util.ThreadPool$PoolThread.run(ThreadPool.java:534)
http://www.easybots.cn/api/holiday.php?d=20161001,20150215
http://www.easybots.cn/api/holiday.php?d=[Ljava.lang.Object;@39c172dc
aaaa{}
com.fr.json.JSONException: JSONObject["[Ljava.lang.Object;@39c172dc"] not found.
	at com.fr.json.JSONObject.get(Unknown Source)
	at com.fr.json.JSONObject.getInt(Unknown Source)
	at com.hyp.plugin.workday.GetWorkDay.isWorkDay(GetWorkDay.java:22)
	at com.hyp.plugin.workday.IsWorkDay.run(IsWorkDay.java:11)
	at com.fr.script.AbstractFunction.evalExpression(Unknown Source)
	at com.fr.parser.FunctionCall.eval(Unknown Source)
	at com.fr.script.Calculator.eval(Unknown Source)
	at com.fr.stable.script.Expression.eval(Unknown Source)
	at com.fr.script.Calculator.evalString(Unknown Source)
	at com.fr.script.Calculator.eval(Unknown Source)
	at com.fr.script.Calculator.evalValue(Unknown Source)
	at com.fr.report.core.A.H.dealWithBENormal(Unknown Source)
	at com.fr.report.core.A.k.cc_ce_array(Unknown Source)
	at com.fr.report.core.A.H.A(Unknown Source)
	at com.fr.report.core.A.H.A(Unknown Source)
	at com.fr.report.core.A.H.C(Unknown Source)
	at com.fr.report.core.A.H.execute4Expand(Unknown Source)
	at com.fr.report.core.A.H.execute(Unknown Source)
	at com.fr.report.worksheet.WorkSheet.execute(Unknown Source)
	at com.fr.report.core.sheet.WorkBookExecutor._execute(Unknown Source)
	at com.fr.report.core.sheet.WorkBookExecutor.execute(Unknown Source)
	at com.fr.main.impl.WorkBook.execute(Unknown Source)
	at com.fr.log.LogUtils.executeAndLogRecord(Unknown Source)
	at com.fr.log.LogUtils.executeAndLogRecord(Unknown Source)
	at com.fr.web.cache.ReportCache.getResultWorkBook(Unknown Source)
	at com.fr.stable.PageActor.getResultBookFromCacheIfNeed(Unknown Source)
	at com.fr.main.impl.WorkBookTemplateDelegate.execute(Unknown Source)
	at com.fr.web.core.ReportSessionIDInfor.calResultWorkBook(Unknown Source)
	at com.fr.web.core.ReportSessionIDInfor.initBook2Show(Unknown Source)
	at com.fr.web.core.ReportSessionIDInfor.getWorkBook2Show(Unknown Source)
	at com.fr.web.core.ReportSessionIDInfor.getResultWorkBook(Unknown Source)
	at com.fr.web.core.ReportSessionIDInfor.createPageSetChain(Unknown Source)
	at com.fr.web.core.ReportSessionIDInfor.getReportPage(Unknown Source)
	at com.fr.web.core.A.AC.A(Unknown Source)
	at com.fr.web.core.A.AC.A(Unknown Source)
	at com.fr.web.core.A.qB.A(Unknown Source)
	at com.fr.web.core.A.EB.actionCMD(Unknown Source)
	at com.fr.web.core.WebActionsDispatcher.dealForActionCMD(Unknown Source)
	at com.fr.web.core.WebActionsDispatcher.dealForActionDefaultCmd(Unknown Source)
	at com.fr.web.core.A.nB.process(Unknown Source)
	at com.fr.web.core.ReportDispatcher.dealWithOp(Unknown Source)
	at com.fr.web.core.ReportDispatcher.dealWeblet(Unknown Source)
	at com.fr.web.core.ReportDispatcher.dealWithRequest(Unknown Source)
	at com.fr.web.BaseServlet.doGet(Unknown Source)
	at javax.servlet.http.HttpServlet.service(HttpServlet.java:596)
	at javax.servlet.http.HttpServlet.service(HttpServlet.java:689)
	at org.mortbay.jetty.servlet.ServletHolder.handle(ServletHolder.java:428)
	at org.mortbay.jetty.servlet.WebApplicationHandler.dispatch(WebApplicationHandler.java:473)
	at org.mortbay.jetty.servlet.ServletHandler.handle(ServletHandler.java:568)
	at org.mortbay.http.HttpContext.handle(HttpContext.java:1530)
	at org.mortbay.jetty.servlet.WebApplicationContext.handle(WebApplicationContext.java:633)
	at org.mortbay.http.HttpContext.handle(HttpContext.java:1482)
	at org.mortbay.http.HttpServer.service(HttpServer.java:909)
	at org.mortbay.http.HttpConnection.service(HttpConnection.java:820)
	at org.mortbay.http.HttpConnection.handleNext(HttpConnection.java:986)
	at org.mortbay.http.HttpConnection.handle(HttpConnection.java:837)
	at org.mortbay.http.SocketListener.handleConnection(SocketListener.java:245)
	at org.mortbay.util.ThreadedServer.handle(ThreadedServer.java:357)
	at org.mortbay.util.ThreadPool$PoolThread.run(ThreadPool.java:534)
http://www.easybots.cn/api/holiday.php?d=20161001,20150215
http://www.easybots.cn/api/holiday.php?d=20160303
aaaa{"20160303":0}
com.fr.json.JSONException: JSONObject["[Ljava.lang.Object;@1a8ed841"] not found.
	at com.fr.json.JSONObject.get(Unknown Source)
	at com.fr.json.JSONObject.getInt(Unknown Source)
	at com.hyp.plugin.workday.GetWorkDay.isWorkDay(GetWorkDay.java:25)
	at com.hyp.plugin.workday.IsWorkDay.run(IsWorkDay.java:11)
	at com.fr.script.AbstractFunction.evalExpression(Unknown Source)
	at com.fr.parser.FunctionCall.eval(Unknown Source)
	at com.fr.script.Calculator.eval(Unknown Source)
	at com.fr.stable.script.Expression.eval(Unknown Source)
	at com.fr.script.Calculator.evalString(Unknown Source)
	at com.fr.script.Calculator.eval(Unknown Source)
	at com.fr.script.Calculator.evalValue(Unknown Source)
	at com.fr.report.core.A.H.dealWithBENormal(Unknown Source)
	at com.fr.report.core.A.k.cc_ce_array(Unknown Source)
	at com.fr.report.core.A.H.A(Unknown Source)
	at com.fr.report.core.A.H.A(Unknown Source)
	at com.fr.report.core.A.H.C(Unknown Source)
	at com.fr.report.core.A.H.execute4Expand(Unknown Source)
	at com.fr.report.core.A.H.execute(Unknown Source)
	at com.fr.report.worksheet.WorkSheet.execute(Unknown Source)
	at com.fr.report.core.sheet.WorkBookExecutor._execute(Unknown Source)
	at com.fr.report.core.sheet.WorkBookExecutor.execute(Unknown Source)
	at com.fr.main.impl.WorkBook.execute(Unknown Source)
	at com.fr.log.LogUtils.executeAndLogRecord(Unknown Source)
	at com.fr.log.LogUtils.executeAndLogRecord(Unknown Source)
	at com.fr.web.cache.ReportCache.getResultWorkBook(Unknown Source)
	at com.fr.stable.PageActor.getResultBookFromCacheIfNeed(Unknown Source)
	at com.fr.main.impl.WorkBookTemplateDelegate.execute(Unknown Source)
	at com.fr.web.core.ReportSessionIDInfor.calResultWorkBook(Unknown Source)
	at com.fr.web.core.ReportSessionIDInfor.initBook2Show(Unknown Source)
	at com.fr.web.core.ReportSessionIDInfor.getWorkBook2Show(Unknown Source)
	at com.fr.web.core.ReportSessionIDInfor.getResultWorkBook(Unknown Source)
	at com.fr.web.core.ReportSessionIDInfor.createPageSetChain(Unknown Source)
	at com.fr.web.core.ReportSessionIDInfor.getReportPage(Unknown Source)
	at com.fr.web.core.A.AC.A(Unknown Source)
	at com.fr.web.core.A.AC.A(Unknown Source)
	at com.fr.web.core.A.qB.A(Unknown Source)
	at com.fr.web.core.A.EB.actionCMD(Unknown Source)
	at com.fr.web.core.WebActionsDispatcher.dealForActionCMD(Unknown Source)
	at com.fr.web.core.WebActionsDispatcher.dealForActionDefaultCmd(Unknown Source)
	at com.fr.web.core.A.nB.process(Unknown Source)
	at com.fr.web.core.ReportDispatcher.dealWithOp(Unknown Source)
	at com.fr.web.core.ReportDispatcher.dealWeblet(Unknown Source)
	at com.fr.web.core.ReportDispatcher.dealWithRequest(Unknown Source)
	at com.fr.web.BaseServlet.doGet(Unknown Source)
	at javax.servlet.http.HttpServlet.service(HttpServlet.java:596)
	at javax.servlet.http.HttpServlet.service(HttpServlet.java:689)
	at org.mortbay.jetty.servlet.ServletHolder.handle(ServletHolder.java:428)
	at org.mortbay.jetty.servlet.WebApplicationHandler.dispatch(WebApplicationHandler.java:473)
	at org.mortbay.jetty.servlet.ServletHandler.handle(ServletHandler.java:568)
	at org.mortbay.http.HttpContext.handle(HttpContext.java:1530)
	at org.mortbay.jetty.servlet.WebApplicationContext.handle(WebApplicationContext.java:633)
	at org.mortbay.http.HttpContext.handle(HttpContext.java:1482)
	at org.mortbay.http.HttpServer.service(HttpServer.java:909)
	at org.mortbay.http.HttpConnection.service(HttpConnection.java:820)
	at org.mortbay.http.HttpConnection.handleNext(HttpConnection.java:986)
	at org.mortbay.http.HttpConnection.handle(HttpConnection.java:837)
	at org.mortbay.http.SocketListener.handleConnection(SocketListener.java:245)
	at org.mortbay.util.ThreadedServer.handle(ThreadedServer.java:357)
	at org.mortbay.util.ThreadPool$PoolThread.run(ThreadPool.java:534)
http://www.easybots.cn/api/holiday.php?d=20161001,20150215
http://www.easybots.cn/api/holiday.php?d=20160303
aaaa{"20160303":0}
http://www.easybots.cn/api/holiday.php?d=20161001,20150215
